<?xml version="1.0" encoding="UTF-8"?>
<coverage generated="1762044429687" clover="3.2.0">
  <project timestamp="1762044429687" name="All files">
    <metrics statements="23" coveredstatements="17" conditionals="0" coveredconditionals="0" methods="9" coveredmethods="3" elements="32" coveredelements="20" complexity="0" loc="23" ncloc="23" packages="1" files="5" classes="5"/>
    <file name="errors.ts" path="/Volumes/Share 1/Projects/personal-assistant-gtd-style/src/gtd-ontology/src/errors.ts">
      <metrics statements="2" coveredstatements="2" conditionals="0" coveredconditionals="0" methods="1" coveredmethods="1"/>
      <line num="12" count="6" type="stmt"/>
      <line num="14" count="14" type="stmt"/>
    </file>
    <file name="initialize.ts" path="/Volumes/Share 1/Projects/personal-assistant-gtd-style/src/gtd-ontology/src/initialize.ts">
      <metrics statements="3" coveredstatements="3" conditionals="0" coveredconditionals="0" methods="1" coveredmethods="1"/>
      <line num="9" count="1" type="stmt"/>
      <line num="32" count="1" type="stmt"/>
      <line num="33" count="2" type="stmt"/>
    </file>
    <file name="queries.ts" path="/Volumes/Share 1/Projects/personal-assistant-gtd-style/src/gtd-ontology/src/queries.ts">
      <metrics statements="7" coveredstatements="4" conditionals="0" coveredconditionals="0" methods="3" coveredmethods="0"/>
      <line num="9" count="2" type="stmt"/>
      <line num="22" count="2" type="stmt"/>
      <line num="23" count="0" type="stmt"/>
      <line num="35" count="2" type="stmt"/>
      <line num="36" count="0" type="stmt"/>
      <line num="48" count="2" type="stmt"/>
      <line num="49" count="0" type="stmt"/>
    </file>
    <file name="schema.ts" path="/Volumes/Share 1/Projects/personal-assistant-gtd-style/src/gtd-ontology/src/schema.ts">
      <metrics statements="6" coveredstatements="5" conditionals="0" coveredconditionals="0" methods="2" coveredmethods="1"/>
      <line num="9" count="6" type="stmt"/>
      <line num="15" count="6" type="stmt"/>
      <line num="24" count="6" type="stmt"/>
      <line num="25" count="12" type="stmt"/>
      <line num="36" count="6" type="stmt"/>
      <line num="37" count="0" type="stmt"/>
    </file>
    <file name="stateLogic.ts" path="/Volumes/Share 1/Projects/personal-assistant-gtd-style/src/gtd-ontology/src/stateLogic.ts">
      <metrics statements="5" coveredstatements="3" conditionals="0" coveredconditionals="0" methods="2" coveredmethods="0"/>
      <line num="9" count="1" type="stmt"/>
      <line num="36" count="1" type="stmt"/>
      <line num="39" count="0" type="stmt"/>
      <line num="64" count="1" type="stmt"/>
      <line num="67" count="0" type="stmt"/>
    </file>
  </project>
</coverage>
