{"/Volumes/Share 1/Projects/personal-assistant-gtd-style/src/gtd-ontology/src/errors.ts": {"path":"/Volumes/Share 1/Projects/personal-assistant-gtd-style/src/gtd-ontology/src/errors.ts","statementMap":{"0":{"start":{"line":14,"column":4},"end":{"line":14,"column":19}},"1":{"start":{"line":12,"column":0},"end":{"line":12,"column":13}}},"fnMap":{"0":{"name":"(anonymous_0)","decl":{"start":{"line":13,"column":2},"end":{"line":13,"column":14}},"loc":{"start":{"line":13,"column":29},"end":{"line":15,"column":3}}}},"branchMap":{},"s":{"0":14,"1":6},"f":{"0":14},"b":{}}
,"/Volumes/Share 1/Projects/personal-assistant-gtd-style/src/gtd-ontology/src/initialize.ts": {"path":"/Volumes/Share 1/Projects/personal-assistant-gtd-style/src/gtd-ontology/src/initialize.ts","statementMap":{"0":{"start":{"line":32,"column":0},"end":{"line":32,"column":7}},"1":{"start":{"line":9,"column":0},"end":{"line":9,"column":50}},"2":{"start":{"line":33,"column":2},"end":{"line":35,"column":4}}},"fnMap":{"0":{"name":"initializeGTDOntology","decl":{"start":{"line":32,"column":22},"end":{"line":32,"column":43}},"loc":{"start":{"line":32,"column":69},"end":{"line":36,"column":1}}}},"branchMap":{},"s":{"0":1,"1":1,"2":2},"f":{"0":2},"b":{}}
,"/Volumes/Share 1/Projects/personal-assistant-gtd-style/src/gtd-ontology/src/queries.ts": {"path":"/Volumes/Share 1/Projects/personal-assistant-gtd-style/src/gtd-ontology/src/queries.ts","statementMap":{"0":{"start":{"line":22,"column":0},"end":{"line":22,"column":7}},"1":{"start":{"line":35,"column":0},"end":{"line":35,"column":7}},"2":{"start":{"line":48,"column":0},"end":{"line":48,"column":7}},"3":{"start":{"line":9,"column":0},"end":{"line":9,"column":50}},"4":{"start":{"line":23,"column":2},"end":{"line":25,"column":4}},"5":{"start":{"line":36,"column":2},"end":{"line":38,"column":4}},"6":{"start":{"line":49,"column":2},"end":{"line":51,"column":4}}},"fnMap":{"0":{"name":"queryProjects","decl":{"start":{"line":22,"column":22},"end":{"line":22,"column":35}},"loc":{"start":{"line":22,"column":61},"end":{"line":26,"column":1}}},"1":{"name":"queryNextActions","decl":{"start":{"line":35,"column":22},"end":{"line":35,"column":38}},"loc":{"start":{"line":35,"column":64},"end":{"line":39,"column":1}}},"2":{"name":"queryWaitingFor","decl":{"start":{"line":48,"column":22},"end":{"line":48,"column":37}},"loc":{"start":{"line":48,"column":63},"end":{"line":52,"column":1}}}},"branchMap":{},"s":{"0":2,"1":2,"2":2,"3":2,"4":0,"5":0,"6":0},"f":{"0":0,"1":0,"2":0},"b":{}}
,"/Volumes/Share 1/Projects/personal-assistant-gtd-style/src/gtd-ontology/src/schema.ts": {"path":"/Volumes/Share 1/Projects/personal-assistant-gtd-style/src/gtd-ontology/src/schema.ts","statementMap":{"0":{"start":{"line":24,"column":0},"end":{"line":24,"column":16}},"1":{"start":{"line":36,"column":0},"end":{"line":36,"column":16}},"2":{"start":{"line":9,"column":0},"end":{"line":9,"column":50}},"3":{"start":{"line":15,"column":13},"end":{"line":16,"column":188}},"4":{"start":{"line":25,"column":2},"end":{"line":27,"column":4}},"5":{"start":{"line":37,"column":2},"end":{"line":39,"column":4}}},"fnMap":{"0":{"name":"buildGtdOntologyDefinition","decl":{"start":{"line":24,"column":16},"end":{"line":24,"column":42}},"loc":{"start":{"line":24,"column":42},"end":{"line":28,"column":1}}},"1":{"name":"buildUnspecifiedSingletonRequest","decl":{"start":{"line":36,"column":16},"end":{"line":36,"column":48}},"loc":{"start":{"line":36,"column":48},"end":{"line":40,"column":1}}}},"branchMap":{},"s":{"0":6,"1":6,"2":6,"3":6,"4":12,"5":0},"f":{"0":12,"1":0},"b":{}}
,"/Volumes/Share 1/Projects/personal-assistant-gtd-style/src/gtd-ontology/src/stateLogic.ts": {"path":"/Volumes/Share 1/Projects/personal-assistant-gtd-style/src/gtd-ontology/src/stateLogic.ts","statementMap":{"0":{"start":{"line":36,"column":0},"end":{"line":36,"column":7}},"1":{"start":{"line":64,"column":0},"end":{"line":64,"column":7}},"2":{"start":{"line":9,"column":0},"end":{"line":9,"column":50}},"3":{"start":{"line":39,"column":2},"end":{"line":41,"column":4}},"4":{"start":{"line":67,"column":2},"end":{"line":69,"column":4}}},"fnMap":{"0":{"name":"updateStateBasedOnLogic","decl":{"start":{"line":36,"column":22},"end":{"line":36,"column":45}},"loc":{"start":{"line":37,"column":39},"end":{"line":42,"column":1}}},"1":{"name":"propagateCompletion","decl":{"start":{"line":64,"column":22},"end":{"line":64,"column":41}},"loc":{"start":{"line":65,"column":37},"end":{"line":70,"column":1}}}},"branchMap":{},"s":{"0":1,"1":1,"2":1,"3":0,"4":0},"f":{"0":0,"1":0},"b":{}}
}
