TN:
SF:src/errors.ts
FN:13,(anonymous_0)
FNF:1
FNH:1
FNDA:14,(anonymous_0)
DA:12,6
DA:14,14
LF:2
LH:2
BRF:0
BRH:0
end_of_record
TN:
SF:src/initialize.ts
FN:32,initializeGTDOntology
FNF:1
FNH:1
FNDA:2,initializeGTDOntology
DA:9,1
DA:32,1
DA:33,2
LF:3
LH:3
BRF:0
BRH:0
end_of_record
TN:
SF:src/queries.ts
FN:22,queryProjects
FN:35,queryNextActions
FN:48,queryWaitingFor
FNF:3
FNH:0
FNDA:0,queryProjects
FNDA:0,queryNextActions
FNDA:0,queryWaitingFor
DA:9,2
DA:22,2
DA:23,0
DA:35,2
DA:36,0
DA:48,2
DA:49,0
LF:7
LH:4
BRF:0
BRH:0
end_of_record
TN:
SF:src/schema.ts
FN:24,buildGtdOntologyDefinition
FN:36,buildUnspecifiedSingletonRequest
FNF:2
FNH:1
FNDA:12,buildGtdOntologyDefinition
FNDA:0,buildUnspecifiedSingletonRequest
DA:9,6
DA:15,6
DA:24,6
DA:25,12
DA:36,6
DA:37,0
LF:6
LH:5
BRF:0
BRH:0
end_of_record
TN:
SF:src/stateLogic.ts
FN:36,updateStateBasedOnLogic
FN:64,propagateCompletion
FNF:2
FNH:0
FNDA:0,updateStateBasedOnLogic
FNDA:0,propagateCompletion
DA:9,1
DA:36,1
DA:39,0
DA:64,1
DA:67,0
LF:5
LH:3
BRF:0
BRH:0
end_of_record
